<?xml version="1.0" encoding="UTF-8"?>
<!-- Generated by org.testng.reporters.JUnitXMLReporter -->
<testsuite ignored="0" hostname="DESKTOP-8HJTA0V" failures="0" tests="5" name="Default test" time="13.155" errors="0" timestamp="2021-06-05T20:30:40 IST">
  <testcase classname="activities.Activity10" name="sliderTo30Test" time="0.499"/>
  <testcase classname="activities.Activity10" name="sliderTo80Test" time="0.422"/>
  <testcase classname="activities.Activity10" name="sliderToMaxTest" time="0.429"/>
  <testcase classname="activities.Activity10" name="sliderToMiddleTest" time="0.321"/>
  <testcase classname="activities.Activity10" name="sliderToMinTest" time="0.429"/>
</testsuite> <!-- Default test -->
