<?xml version="1.0" encoding="UTF-8"?>
<testng-results ignored="0" total="1" passed="1" failed="0" skipped="0">
  <reporter-output>
  </reporter-output>
  <suite started-at="2021-06-06T20:10:49 IST" name="Default suite" finished-at="2021-06-06T20:12:20 IST" duration-ms="90613">
    <groups>
    </groups>
    <test started-at="2021-06-06T20:10:49 IST" name="Default test" finished-at="2021-06-06T20:12:20 IST" duration-ms="90613">
      <class name="project.GoogleTasks">
        <test-method is-config="true" signature="setup()[pri:0, instance:project.GoogleTasks@3d5c822d]" started-at="2021-06-06T20:10:49 IST" name="setup" finished-at="2021-06-06T20:11:22 IST" duration-ms="33186" status="PASS">
          <reporter-output>
          </reporter-output>
        </test-method> <!-- setup -->
        <test-method signature="googleTaskActivity()[pri:0, instance:project.GoogleTasks@3d5c822d]" started-at="2021-06-06T20:11:22 IST" name="googleTaskActivity" finished-at="2021-06-06T20:12:09 IST" duration-ms="46350" status="PASS">
          <reporter-output>
          </reporter-output>
        </test-method> <!-- googleTaskActivity -->
        <test-method is-config="true" signature="afterClass()[pri:0, instance:project.GoogleTasks@3d5c822d]" started-at="2021-06-06T20:12:09 IST" name="afterClass" finished-at="2021-06-06T20:12:20 IST" duration-ms="10837" status="PASS">
          <reporter-output>
          </reporter-output>
        </test-method> <!-- afterClass -->
      </class> <!-- project.GoogleTasks -->
    </test> <!-- Default test -->
  </suite> <!-- Default suite -->
</testng-results>
