<?xml version="1.0" encoding="UTF-8"?>
<!-- Generated by org.testng.reporters.JUnitXMLReporter -->
<testsuite hostname="DESKTOP-8HJTA0V" ignored="0" name="Default test" tests="5" failures="0" timestamp="2021-05-27T11:29:40 IST" time="56.86" errors="0">
  <testcase name="addPets" time="26.383" classname="activities.Activity3"/>
  <testcase name="getPets" time="9.284" classname="activities.Activity3"/>
  <testcase name="getPets" time="8.055" classname="activities.Activity3"/>
  <testcase name="deletePets" time="8.052" classname="activities.Activity3"/>
  <testcase name="deletePets" time="3.003" classname="activities.Activity3"/>
</testsuite> <!-- Default test -->
