<?xml version="1.0" encoding="UTF-8"?>
<testng-results skipped="0" failed="0" ignored="0" total="1" passed="1">
  <reporter-output>
  </reporter-output>
  <suite name="Default suite" duration-ms="16881" started-at="2021-05-19T11:01:07 IST" finished-at="2021-05-19T11:01:24 IST">
    <groups>
    </groups>
    <test name="Default test" duration-ms="16881" started-at="2021-05-19T11:01:07 IST" finished-at="2021-05-19T11:01:24 IST">
      <class name="lmsActivities.Activity9">
        <test-method status="PASS" signature="openBrowser()[pri:0, instance:lmsActivities.Activity9@3cef309d]" name="openBrowser" is-config="true" duration-ms="8498" started-at="2021-05-19T11:01:07 IST" finished-at="2021-05-19T11:01:16 IST">
          <reporter-output>
          </reporter-output>
        </test-method> <!-- openBrowser -->
        <test-method status="PASS" signature="complete1stCourse()[pri:0, instance:lmsActivities.Activity9@3cef309d]" name="complete1stCourse" duration-ms="6967" started-at="2021-05-19T11:01:16 IST" finished-at="2021-05-19T11:01:23 IST">
          <reporter-output>
          </reporter-output>
        </test-method> <!-- complete1stCourse -->
        <test-method status="PASS" signature="closeBrowser()[pri:0, instance:lmsActivities.Activity9@3cef309d]" name="closeBrowser" is-config="true" duration-ms="1358" started-at="2021-05-19T11:01:23 IST" finished-at="2021-05-19T11:01:24 IST">
          <reporter-output>
          </reporter-output>
        </test-method> <!-- closeBrowser -->
      </class> <!-- lmsActivities.Activity9 -->
    </test> <!-- Default test -->
  </suite> <!-- Default suite -->
</testng-results>
