<?xml version="1.0" encoding="UTF-8"?>
<!-- Generated by org.testng.reporters.JUnitXMLReporter -->
<testsuite ignored="0" hostname="DESKTOP-8HJTA0V" failures="0" tests="9" name="Test" time="22.896" errors="0" timestamp="2021-06-05T19:55:55 IST">
  <testcase classname="suiteExample.DemoOne" name="firstTestCase" time="0.009"/>
  <testcase classname="suiteExample.DemoOne" name="secondTestCase" time="0.005"/>
  <testcase classname="suiteExample.DemoTwo" name="TestCase" time="0.002"/>
  <testcase classname="activities.Activity5" name="pageTitleTest" time="0.01"/>
  <testcase classname="activities.Activity5" name="ButtonTest1" time="0.084"/>
  <testcase classname="activities.Activity5" name="ButtonTest2" time="0.036"/>
  <testcase classname="activities.Activity5" name="HeaderTest1" time="0.042"/>
  <testcase classname="activities.Activity5" name="HeaderTest2" time="0.021"/>
  <testcase classname="activities.Activity6" name="loginTestCase" time="0.449"/>
</testsuite> <!-- Test -->
