<?xml version="1.0" encoding="UTF-8"?>
<!-- Generated by org.testng.reporters.JUnitXMLReporter -->
<testsuite ignored="1" hostname="DESKTOP-8HJTA0V" failures="0" tests="23" name="Tests" time="56.577" errors="0" timestamp="2021-06-05T20:33:35 IST">
  <testcase classname="suiteExample.DemoTwo" name="TestCase" time="0.03"/>
  <testcase classname="suiteExample.DemoOne" name="firstTestCase" time="0.032"/>
  <testcase classname="suiteExample.DemoOne" name="secondTestCase" time="0.002"/>
  <testcase classname="activities.Activity5" name="pageTitleTest" time="0.023"/>
  <testcase classname="activities.Activity5" name="ButtonTest1" time="0.09"/>
  <testcase classname="activities.Activity5" name="ButtonTest2" time="0.036"/>
  <testcase classname="activities.Activity5" name="HeaderTest1" time="0.042"/>
  <testcase classname="activities.Activity5" name="HeaderTest2" time="0.045"/>
  <testcase classname="activities.Activity1" name="exampleTestCase" time="2.986"/>
  <testcase classname="activities.Activity3" name="loginTest" time="4.575"/>
  <testcase classname="activities.Activity7" name="loginTestCase" time="0.711"/>
  <testcase classname="activities.Activity9" name="simpleAlertTestCase" time="0.345"/>
  <testcase classname="activities.Activity9" name="confirmAlertTestCase" time="0.086"/>
  <testcase classname="activities.Activity9" name="promptAlertTestCase" time="0.195"/>
  <testcase classname="activities.Activity2" name="testCase1" time="0.224"/>
  <testcase classname="activities.Activity6" name="loginTestCase" time="0.586"/>
  <testcase classname="activities.Activity2" name="testCase2" time="0.641"/>
  <testcase classname="activities.Activity2" name="testCase4" time="0.002">
    <skipped/>
  </testcase> <!-- testCase4 -->
  <testcase classname="activities.Activity10" name="sliderTo30Test" time="0.503"/>
  <testcase classname="activities.Activity10" name="sliderTo80Test" time="0.397"/>
  <testcase classname="activities.Activity10" name="sliderToMaxTest" time="0.413"/>
  <testcase classname="activities.Activity10" name="sliderToMiddleTest" time="0.28"/>
  <testcase classname="activities.Activity10" name="sliderToMinTest" time="0.39"/>
  <testcase classname="activities.Activity2" name="testCase3" time="0.0">
    <ignored/>
  </testcase> <!-- testCase3 -->
</testsuite> <!-- Tests -->
